Using pre-set license
Built from '2020.2/staging' branch; Version is '2020.2.6f1 (8a2143876886) revision 9052483'; Using compiler version '192528614'; Build Type 'Release'
OS: 'Windows 10 Home Single Language; OS build 19043.1165; Version 2009; 64bit' Language: 'es' Physical Memory: 8148 MB
BatchMode: 1, IsHumanControllingUs: 0, StartBugReporterOnCrash: 0, Is64bit: 1, IsPro: 0

 COMMAND LINE ARGUMENTS:
D:\Unity\2020.2.6f1\Editor\Unity.exe
-adb2
-batchMode
-noUpm
-name
AssetImportWorker2
-projectPath
D:/Unity/GAMEJAM/BREAK/Break
-logFile
Logs/AssetImportWorker2.log
-srvPort
64811
Successfully changed project path to: D:/Unity/GAMEJAM/BREAK/Break
D:/Unity/GAMEJAM/BREAK/Break
Using Asset Import Pipeline V2.
Refreshing native plugins compatible for Editor in 76.48 ms, found 1 plugins.
Preloading 0 native plugins for Editor in 0.00 ms.
Initialize engine version: 2020.2.6f1 (8a2143876886)
[Subsystems] Discovering subsystems at path D:/Unity/2020.2.6f1/Editor/Data/Resources/UnitySubsystems
[Subsystems] Discovering subsystems at path D:/Unity/GAMEJAM/BREAK/Break/Assets
GfxDevice: creating device client; threaded=0
Direct3D:
    Version:  Direct3D 11.0 [level 11.1]
    Renderer: NVIDIA GeForce GTX 1060 (ID=0x1c20)
    Vendor:   
    VRAM:     2987 MB
    Driver:   27.21.14.5167
Initialize mono
Mono path[0] = 'D:/Unity/2020.2.6f1/Editor/Data/Managed'
Mono path[1] = 'D:/Unity/2020.2.6f1/Editor/Data/MonoBleedingEdge/lib/mono/unityjit'
Mono config path = 'D:/Unity/2020.2.6f1/Editor/Data/MonoBleedingEdge/etc'
Using monoOptions --debugger-agent=transport=dt_socket,embedding=1,server=y,suspend=n,address=127.0.0.1:56152
Begin MonoManager ReloadAssembly
Registering precompiled unity dll's ...
Register platform support module: D:/Unity/2020.2.6f1/Editor/Data/PlaybackEngines/WindowsStandaloneSupport/UnityEditor.WindowsStandalone.Extensions.dll
Registered in 0.009877 seconds.
Native extension for WindowsStandalone target not found
Refreshing native plugins compatible for Editor in 70.34 ms, found 1 plugins.
Preloading 0 native plugins for Editor in 0.00 ms.
Invoked RoslynAnalysisRunner static constructor.
RoslynAnalysisRunner will not be running.
RoslynAnalysisRunner has terminated.
Mono: successfully reloaded assembly
- Completed reload, in  2.705 seconds
Platform modules already initialized, skipping
Registering precompiled user dll's ...
Registered in 0.003295 seconds.
Begin MonoManager ReloadAssembly
Native extension for WindowsStandalone target not found
Refreshing native plugins compatible for Editor in 78.43 ms, found 1 plugins.
Preloading 0 native plugins for Editor in 0.00 ms.
Invoked RoslynAnalysisRunner static constructor.
RoslynAnalysisRunner will not be running.
RoslynAnalysisRunner has terminated.
Mono: successfully reloaded assembly
- Completed reload, in  2.959 seconds
Platform modules already initialized, skipping
========================================================================
Worker process is ready to serve import requests
Launched and connected shader compiler UnityShaderCompiler.exe after 1.74 seconds
Refreshing native plugins compatible for Editor in 0.82 ms, found 1 plugins.
Preloading 0 native plugins for Editor in 0.00 ms.
Unloading 1800 Unused Serialized files (Serialized files now loaded: 0)
System memory in use before: 84.5 MB.
System memory in use after: 84.4 MB.

Unloading 24 unused Assets to reduce memory usage. Loaded Objects now: 2241.
Total: 56.719700 ms (FindLiveObjects: 0.435200 ms CreateObjectMapping: 1.637600 ms MarkObjects: 54.228900 ms  DeleteObjects: 0.413500 ms)

========================================================================
Received Import Request.
  path: Assets/Wolv Interactive/Pixel Perfect Retro Camera
  artifactKey: Guid(aa128089c11714f63a5ed64d8f0bb5a3) Importer(815301076,1909f56bfc062723c751e8b465ee728b)
Start importing Assets/Wolv Interactive/Pixel Perfect Retro Camera using Guid(aa128089c11714f63a5ed64d8f0bb5a3) Importer(815301076,1909f56bfc062723c751e8b465ee728b)  -> (artifact id: 'd4d718b6e5dc627c48de7bbd8868f833') in 0.048027 seconds
  Import took 0.057667 seconds .

========================================================================
Received Import Request.
  Time since last request: 18.013827 seconds.
  path: Assets/Wolv Interactive/Pixel Perfect Retro Camera/Prefabs/Camera Holder.prefab
  artifactKey: Guid(6622b93cfd71148f88fa3b6097d487b6) Importer(815301076,1909f56bfc062723c751e8b465ee728b)
Start importing Assets/Wolv Interactive/Pixel Perfect Retro Camera/Prefabs/Camera Holder.prefab using Guid(6622b93cfd71148f88fa3b6097d487b6) Importer(815301076,1909f56bfc062723c751e8b465ee728b)  -> (artifact id: 'fb830bb0c102de8ae9afbb93da3592f0') in 0.131775 seconds
  Import took 0.135347 seconds .

========================================================================
Received Import Request.
  Time since last request: 0.000356 seconds.
  path: Assets/Wolv Interactive/Pixel Perfect Retro Camera/Prefabs
  artifactKey: Guid(ca51dcca00d17f8448f613921523cd8a) Importer(815301076,1909f56bfc062723c751e8b465ee728b)
Start importing Assets/Wolv Interactive/Pixel Perfect Retro Camera/Prefabs using Guid(ca51dcca00d17f8448f613921523cd8a) Importer(815301076,1909f56bfc062723c751e8b465ee728b)  -> (artifact id: '53e66140a5d40d05c723d3a1dad2e485') in 0.004124 seconds
  Import took 0.011517 seconds .

========================================================================
Received Import Request.
  Time since last request: 23.901714 seconds.
  path: Assets/Wolv Interactive/Pixel Perfect Retro Camera/Readme.txt
  artifactKey: Guid(bc1cb1426bef4364da0a7123454b80e1) Importer(815301076,1909f56bfc062723c751e8b465ee728b)
Start importing Assets/Wolv Interactive/Pixel Perfect Retro Camera/Readme.txt using Guid(bc1cb1426bef4364da0a7123454b80e1) Importer(815301076,1909f56bfc062723c751e8b465ee728b)  -> (artifact id: '5952dcfc479b19844d3f08314bee8db5') in 0.016092 seconds
  Import took 0.082877 seconds .

========================================================================
Received Import Request.
  Time since last request: 0.081159 seconds.
  path: Assets/Wolv Interactive/Pixel Perfect Retro Camera/Readme.txt
  artifactKey: Guid(bc1cb1426bef4364da0a7123454b80e1) Importer(815301076,1909f56bfc062723c751e8b465ee728b)
Start importing Assets/Wolv Interactive/Pixel Perfect Retro Camera/Readme.txt using Guid(bc1cb1426bef4364da0a7123454b80e1) Importer(815301076,1909f56bfc062723c751e8b465ee728b)  -> (artifact id: '5952dcfc479b19844d3f08314bee8db5') in 0.007277 seconds
  Import took 0.116247 seconds .

========================================================================
Received Import Request.
  Time since last request: 71.931942 seconds.
  path: Assets/Tiles 2
  artifactKey: Guid(7a9bcd5ab95dc4dcc96fbbd9a28d0245) Importer(815301076,1909f56bfc062723c751e8b465ee728b)
Start importing Assets/Tiles 2 using Guid(7a9bcd5ab95dc4dcc96fbbd9a28d0245) Importer(815301076,1909f56bfc062723c751e8b465ee728b)  -> (artifact id: 'ab64d4ddaadbf00b7ca5a864205a0889') in 0.005282 seconds
  Import took 0.019620 seconds .

========================================================================
Received Import Request.
  Time since last request: 2.321974 seconds.
  path: Assets/Tiles/Castillo.prefab
  artifactKey: Guid(66c5c814ca3c64b99bd54126c93030b9) Importer(815301076,1909f56bfc062723c751e8b465ee728b)
Start importing Assets/Tiles/Castillo.prefab using Guid(66c5c814ca3c64b99bd54126c93030b9) Importer(815301076,1909f56bfc062723c751e8b465ee728b)  -> (artifact id: '9232aa99ef9cd723a951bb7c93c08d87') in 0.054060 seconds
  Import took 0.148608 seconds .

========================================================================
Received Import Request.
  Time since last request: 0.000262 seconds.
  path: Assets/Tiles/Tiles_cesped_0.asset
  artifactKey: Guid(a7e28545ea4274174a49d135727cabd8) Importer(815301076,1909f56bfc062723c751e8b465ee728b)
Start importing Assets/Tiles/Tiles_cesped_0.asset using Guid(a7e28545ea4274174a49d135727cabd8) Importer(815301076,1909f56bfc062723c751e8b465ee728b)  -> (artifact id: '2fb96accc86482ca0156782594a726ea') in 0.544110 seconds
  Import took 0.556865 seconds .

========================================================================
Received Import Request.
  Time since last request: 0.000291 seconds.
  path: Assets/Tiles/Tiles_plataformaCastillo_3.asset
  artifactKey: Guid(c4ed84ed61b8245a1b139694b8879e07) Importer(815301076,1909f56bfc062723c751e8b465ee728b)
Start importing Assets/Tiles/Tiles_plataformaCastillo_3.asset using Guid(c4ed84ed61b8245a1b139694b8879e07) Importer(815301076,1909f56bfc062723c751e8b465ee728b)  -> (artifact id: '92c9ce6f77a370a40ef3834bee3010f5') in 0.041513 seconds
  Import took 0.045395 seconds .

========================================================================
Received Import Request.
  Time since last request: 0.001406 seconds.
  path: Assets/Tiles/Tiles_piedra_1.asset
  artifactKey: Guid(94b79f1c28d1248119b4c72bc4df2e33) Importer(815301076,1909f56bfc062723c751e8b465ee728b)
Start importing Assets/Tiles/Tiles_piedra_1.asset using Guid(94b79f1c28d1248119b4c72bc4df2e33) Importer(815301076,1909f56bfc062723c751e8b465ee728b)  -> (artifact id: 'b1a577339090309912b9ec28e4d8c77b') in 0.016695 seconds
  Import took 0.110759 seconds .

========================================================================
Received Import Request.
  Time since last request: 0.000297 seconds.
  path: Assets/Tiles/Tiles_plataformaCastillo_0.asset
  artifactKey: Guid(2894250e404294152b353720b7819369) Importer(815301076,1909f56bfc062723c751e8b465ee728b)
Start importing Assets/Tiles/Tiles_plataformaCastillo_0.asset using Guid(2894250e404294152b353720b7819369) Importer(815301076,1909f56bfc062723c751e8b465ee728b)  -> (artifact id: '31bef36c9ddb47dfcc1e5ff20c9d9d3a') in 0.031815 seconds
  Import took 0.035796 seconds .

========================================================================
Received Import Request.
  Time since last request: 0.000264 seconds.
  path: Assets/Tiles/Tiles_plataformaCastillo_2.asset
  artifactKey: Guid(3a45206a9084141b29e26f4c1bd97a47) Importer(815301076,1909f56bfc062723c751e8b465ee728b)
Start importing Assets/Tiles/Tiles_plataformaCastillo_2.asset using Guid(3a45206a9084141b29e26f4c1bd97a47) Importer(815301076,1909f56bfc062723c751e8b465ee728b)  -> (artifact id: 'd63fe1a64a40a2ac2605ec2d821586f5') in 0.039688 seconds
  Import took 0.129313 seconds .

========================================================================
Received Import Request.
  Time since last request: 0.000235 seconds.
  path: Assets/Tiles/Tiles_plataformaCastillo_1.asset
  artifactKey: Guid(8fd15587e7af346f983f269bdead284c) Importer(815301076,1909f56bfc062723c751e8b465ee728b)
Start importing Assets/Tiles/Tiles_plataformaCastillo_1.asset using Guid(8fd15587e7af346f983f269bdead284c) Importer(815301076,1909f56bfc062723c751e8b465ee728b)  -> (artifact id: 'c6ef62dafb8b4894e2669e5e773321ba') in 0.033373 seconds
  Import took 0.114891 seconds .

========================================================================
Received Import Request.
  Time since last request: 0.000255 seconds.
  path: Assets/Tiles/Tiles_plataformaCastillo_10.asset
  artifactKey: Guid(a150cd42fcf4e49a88ac35cf668c6320) Importer(815301076,1909f56bfc062723c751e8b465ee728b)
Start importing Assets/Tiles/Tiles_plataformaCastillo_10.asset using Guid(a150cd42fcf4e49a88ac35cf668c6320) Importer(815301076,1909f56bfc062723c751e8b465ee728b)  -> (artifact id: '76d9eb4ae12ffb0732650d0a7dbcc811') in 0.031844 seconds
  Import took 0.079343 seconds .

========================================================================
Received Import Request.
  Time since last request: 0.000221 seconds.
  path: Assets/Tiles/Tiles_cesped_2.asset
  artifactKey: Guid(ae36d42d56ff043edb82b7b472de4a93) Importer(815301076,1909f56bfc062723c751e8b465ee728b)
Start importing Assets/Tiles/Tiles_cesped_2.asset using Guid(ae36d42d56ff043edb82b7b472de4a93) Importer(815301076,1909f56bfc062723c751e8b465ee728b)  -> (artifact id: 'c83a66723f50340806b7dcc602ac08a4') in 0.035975 seconds
  Import took 0.041877 seconds .

========================================================================
Received Import Request.
  Time since last request: 0.000248 seconds.
  path: Assets/Tiles/Tiles_cesped_3.asset
  artifactKey: Guid(a33e76b5c619c475f8d0779671855df6) Importer(815301076,1909f56bfc062723c751e8b465ee728b)
Start importing Assets/Tiles/Tiles_cesped_3.asset using Guid(a33e76b5c619c475f8d0779671855df6) Importer(815301076,1909f56bfc062723c751e8b465ee728b)  -> (artifact id: '1a5daa90dd6ebfa0d8d0618f8e0fb8c7') in 0.027724 seconds
  Import took 0.051350 seconds .

========================================================================
Received Import Request.
  Time since last request: 0.001041 seconds.
  path: Assets/Tiles/Tiles_plataformaCastillo_8.asset
  artifactKey: Guid(72b0b7fce87f84abe80a75da655af270) Importer(815301076,1909f56bfc062723c751e8b465ee728b)
Start importing Assets/Tiles/Tiles_plataformaCastillo_8.asset using Guid(72b0b7fce87f84abe80a75da655af270) Importer(815301076,1909f56bfc062723c751e8b465ee728b)  -> (artifact id: 'a468792189d03a36879afb410c9dde29') in 0.030021 seconds
  Import took 0.036402 seconds .

========================================================================
Received Import Request.
  Time since last request: 0.000244 seconds.
  path: Assets/Tiles/Tiles_piedra_0.asset
  artifactKey: Guid(b74386dda8d9e4556987b756f0b8de3a) Importer(815301076,1909f56bfc062723c751e8b465ee728b)
Start importing Assets/Tiles/Tiles_piedra_0.asset using Guid(b74386dda8d9e4556987b756f0b8de3a) Importer(815301076,1909f56bfc062723c751e8b465ee728b)  -> (artifact id: '4af8043c6ce382d76f46303b96cbfded') in 0.021032 seconds
  Import took 0.051215 seconds .

========================================================================
Received Import Request.
  Time since last request: 0.000238 seconds.
  path: Assets/Tiles/Piedra.prefab
  artifactKey: Guid(c5e6517a4537e43b7b0c238c65f4c806) Importer(815301076,1909f56bfc062723c751e8b465ee728b)
Start importing Assets/Tiles/Piedra.prefab using Guid(c5e6517a4537e43b7b0c238c65f4c806) Importer(815301076,1909f56bfc062723c751e8b465ee728b)  -> (artifact id: '0d29f0bc942e05bf94c6067ea21a747c') in 0.021522 seconds
  Import took 0.030418 seconds .

========================================================================
Received Import Request.
  Time since last request: 0.000249 seconds.
  path: Assets/Tiles/Tiles_piedra_3.asset
  artifactKey: Guid(3280633153d7b40b7aa0ec7689a4bb30) Importer(815301076,1909f56bfc062723c751e8b465ee728b)
Start importing Assets/Tiles/Tiles_piedra_3.asset using Guid(3280633153d7b40b7aa0ec7689a4bb30) Importer(815301076,1909f56bfc062723c751e8b465ee728b)  -> (artifact id: 'edc9060c1c2a9c7fdbd23894423d30b4') in 0.030350 seconds
  Import took 0.034940 seconds .

========================================================================
Received Import Request.
  Time since last request: 0.000307 seconds.
  path: Assets/Tiles/Cesped.prefab
  artifactKey: Guid(3851b7ca019e642d29f27954996061e3) Importer(815301076,1909f56bfc062723c751e8b465ee728b)
Start importing Assets/Tiles/Cesped.prefab using Guid(3851b7ca019e642d29f27954996061e3) Importer(815301076,1909f56bfc062723c751e8b465ee728b)  -> (artifact id: 'a4ac6d1611a4c560523d42e9b93f5c94') in 0.019941 seconds
  Import took 0.029975 seconds .

========================================================================
Received Import Request.
  Time since last request: 0.000114 seconds.
  path: Assets/Tiles/Tiles_cesped_1.asset
  artifactKey: Guid(e9260f7c1ccbb4d678535074f5c11391) Importer(815301076,1909f56bfc062723c751e8b465ee728b)
Start importing Assets/Tiles/Tiles_cesped_1.asset using Guid(e9260f7c1ccbb4d678535074f5c11391) Importer(815301076,1909f56bfc062723c751e8b465ee728b)  -> (artifact id: '1f843360f3427f5400ecf57d983ee66a') in 0.043301 seconds
  Import took 0.064588 seconds .

========================================================================
Received Import Request.
  Time since last request: 0.001982 seconds.
  path: Assets/Tiles/Tiles_piedra_2.asset
  artifactKey: Guid(8cdd53f043e9c4afbaec6945ce952901) Importer(815301076,1909f56bfc062723c751e8b465ee728b)
Start importing Assets/Tiles/Tiles_piedra_2.asset using Guid(8cdd53f043e9c4afbaec6945ce952901) Importer(815301076,1909f56bfc062723c751e8b465ee728b)  -> (artifact id: '17a729f1c0fb280cf74851a54d8b21c8') in 0.029566 seconds
  Import took 0.051461 seconds .

========================================================================
Received Import Request.
  Time since last request: 0.000193 seconds.
  path: Assets/Tiles
  artifactKey: Guid(7500e7bc5b8564e73a2e9d83a1ef7f00) Importer(815301076,1909f56bfc062723c751e8b465ee728b)
Start importing Assets/Tiles using Guid(7500e7bc5b8564e73a2e9d83a1ef7f00) Importer(815301076,1909f56bfc062723c751e8b465ee728b)  -> (artifact id: '556c1ff09213e549647a9dc82b5ff4d8') in 0.015987 seconds
  Import took 0.119753 seconds .

========================================================================
Received Import Request.
  Time since last request: 0.000349 seconds.
  path: Assets/Tiles/Tiles_plataformaCastillo_11.asset
  artifactKey: Guid(03c74c8ad56d94bfe8f8d92ee9d353aa) Importer(815301076,1909f56bfc062723c751e8b465ee728b)
Start importing Assets/Tiles/Tiles_plataformaCastillo_11.asset using Guid(03c74c8ad56d94bfe8f8d92ee9d353aa) Importer(815301076,1909f56bfc062723c751e8b465ee728b)  -> (artifact id: '56a40011fd732c2f8ae6d5caaaa1200a') in 0.048994 seconds
  Import took 0.070920 seconds .

========================================================================
Received Import Request.
  Time since last request: 0.033708 seconds.
  path: Assets/Tiles/Tiles_plataformaCastillo_5.asset
  artifactKey: Guid(ee6bbaa3f3d29493b949b1710f43134f) Importer(815301076,1909f56bfc062723c751e8b465ee728b)
Start importing Assets/Tiles/Tiles_plataformaCastillo_5.asset using Guid(ee6bbaa3f3d29493b949b1710f43134f) Importer(815301076,1909f56bfc062723c751e8b465ee728b)  -> (artifact id: 'b57e70586c268bfe4293d55b502a4cac') in 0.121024 seconds
  Import took 0.214785 seconds .

========================================================================
Received Import Request.
  Time since last request: 0.000276 seconds.
  path: Assets/Tiles/Tiles_plataformaCastillo_7.asset
  artifactKey: Guid(427bf70f800f142ca986acd2cce03d39) Importer(815301076,1909f56bfc062723c751e8b465ee728b)
Start importing Assets/Tiles/Tiles_plataformaCastillo_7.asset using Guid(427bf70f800f142ca986acd2cce03d39) Importer(815301076,1909f56bfc062723c751e8b465ee728b)  -> (artifact id: 'd9280c703efa08d2bbf2fef3e4712d59') in 0.175179 seconds
  Import took 0.223847 seconds .

========================================================================
Received Import Request.
  Time since last request: 0.000379 seconds.
  path: Assets/Tiles/Tiles_plataformaCastillo_6.asset
  artifactKey: Guid(3c4c2c6a11d944eb886e9213a84b5226) Importer(815301076,1909f56bfc062723c751e8b465ee728b)
Start importing Assets/Tiles/Tiles_plataformaCastillo_6.asset using Guid(3c4c2c6a11d944eb886e9213a84b5226) Importer(815301076,1909f56bfc062723c751e8b465ee728b)  -> (artifact id: 'd2dedc0d0225ae199dca582c82eb253d') in 1.688567 seconds
  Import took 1.736121 seconds .

========================================================================
Received Import Request.
  Time since last request: 0.000301 seconds.
  path: Assets/Tiles/Tiles_plataformaCastillo_4.asset
  artifactKey: Guid(1e7ba06642b3549dab07fddd9a091c49) Importer(815301076,1909f56bfc062723c751e8b465ee728b)
Start importing Assets/Tiles/Tiles_plataformaCastillo_4.asset using Guid(1e7ba06642b3549dab07fddd9a091c49) Importer(815301076,1909f56bfc062723c751e8b465ee728b)  -> (artifact id: '94f420373a4bbc8c750f25b841a1299c') in 0.017743 seconds
  Import took 0.053186 seconds .

========================================================================
Received Import Request.
  Time since last request: 0.000370 seconds.
  path: Assets/Tiles/Tiles_plataformaCastillo_9.asset
  artifactKey: Guid(2e11d723b15384f07910a85fe6cec394) Importer(815301076,1909f56bfc062723c751e8b465ee728b)
Start importing Assets/Tiles/Tiles_plataformaCastillo_9.asset using Guid(2e11d723b15384f07910a85fe6cec394) Importer(815301076,1909f56bfc062723c751e8b465ee728b)  -> (artifact id: '2f31520c9911563a4ff32bb1fc228d92') in 0.020730 seconds
  Import took 0.030206 seconds .

========================================================================
Received Import Request.
  Time since last request: 14.364586 seconds.
  path: Assets/Wolv Interactive
  artifactKey: Guid(7c10855a1544e99418726ab5657260a6) Importer(815301076,1909f56bfc062723c751e8b465ee728b)
Start importing Assets/Wolv Interactive using Guid(7c10855a1544e99418726ab5657260a6) Importer(815301076,1909f56bfc062723c751e8b465ee728b)  -> (artifact id: 'bc412af5500fbfc2c16acf6d86cf961d') in 0.006329 seconds
  Import took 0.010665 seconds .

========================================================================
Received Prepare
Registering precompiled user dll's ...
Registered in 0.016466 seconds.
Begin MonoManager ReloadAssembly
Native extension for WindowsStandalone target not found
Refreshing native plugins compatible for Editor in 0.48 ms, found 1 plugins.
Preloading 0 native plugins for Editor in 0.00 ms.
Invoked RoslynAnalysisRunner static constructor.
RoslynAnalysisRunner will not be running.
RoslynAnalysisRunner has terminated.
Mono: successfully reloaded assembly
- Completed reload, in  2.156 seconds
Platform modules already initialized, skipping
Refreshing native plugins compatible for Editor in 0.44 ms, found 1 plugins.
Preloading 0 native plugins for Editor in 0.00 ms.
Unloading 1795 Unused Serialized files (Serialized files now loaded: 0)
System memory in use before: 87.5 MB.
System memory in use after: 87.5 MB.

Unloading 12 unused Assets to reduce memory usage. Loaded Objects now: 2248.
Total: 2.713900 ms (FindLiveObjects: 0.365200 ms CreateObjectMapping: 0.089900 ms MarkObjects: 2.127700 ms  DeleteObjects: 0.129400 ms)

========================================================================
Received Prepare
Registering precompiled user dll's ...
Registered in 0.002090 seconds.
Begin MonoManager ReloadAssembly
Native extension for WindowsStandalone target not found
Refreshing native plugins compatible for Editor in 0.37 ms, found 1 plugins.
Preloading 0 native plugins for Editor in 0.00 ms.
Invoked RoslynAnalysisRunner static constructor.
RoslynAnalysisRunner will not be running.
RoslynAnalysisRunner has terminated.
Mono: successfully reloaded assembly
- Completed reload, in  1.497 seconds
Platform modules already initialized, skipping
Refreshing native plugins compatible for Editor in 0.37 ms, found 1 plugins.
Preloading 0 native plugins for Editor in 0.00 ms.
Unloading 1795 Unused Serialized files (Serialized files now loaded: 0)
System memory in use before: 87.5 MB.
System memory in use after: 87.5 MB.

Unloading 12 unused Assets to reduce memory usage. Loaded Objects now: 2251.
Total: 2.158500 ms (FindLiveObjects: 0.163600 ms CreateObjectMapping: 0.061500 ms MarkObjects: 1.820100 ms  DeleteObjects: 0.111800 ms)

========================================================================
Received Import Request.
  Time since last request: 337.162280 seconds.
  path: Assets/Wolv Interactive/Pixel Perfect Retro Camera/Scripts
  artifactKey: Guid(0bd104847764c42579730fadd74ee9fa) Importer(815301076,1909f56bfc062723c751e8b465ee728b)
Start importing Assets/Wolv Interactive/Pixel Perfect Retro Camera/Scripts using Guid(0bd104847764c42579730fadd74ee9fa) Importer(815301076,1909f56bfc062723c751e8b465ee728b)  -> (artifact id: '87b5100c8c7fc30491b35c44cef6cffb') in 0.013223 seconds
  Import took 0.168638 seconds .

========================================================================
Received Import Request.
  Time since last request: 1.285307 seconds.
  path: Assets/Wolv Interactive/Pixel Perfect Retro Camera/Scripts/PixelCamera.cs
  artifactKey: Guid(8ca652c13353f448d9227970c0928082) Importer(815301076,1909f56bfc062723c751e8b465ee728b)
Start importing Assets/Wolv Interactive/Pixel Perfect Retro Camera/Scripts/PixelCamera.cs using Guid(8ca652c13353f448d9227970c0928082) Importer(815301076,1909f56bfc062723c751e8b465ee728b)  -> (artifact id: '46371bac0fdc811d35d1b9544cad55ae') in 0.018983 seconds
  Import took 0.060599 seconds .

========================================================================
Received Import Request.
  Time since last request: 0.001931 seconds.
  path: Assets/Wolv Interactive/Pixel Perfect Retro Camera/Scripts/PixelCamera.cs
  artifactKey: Guid(8ca652c13353f448d9227970c0928082) Importer(815301076,1909f56bfc062723c751e8b465ee728b)
Start importing Assets/Wolv Interactive/Pixel Perfect Retro Camera/Scripts/PixelCamera.cs using Guid(8ca652c13353f448d9227970c0928082) Importer(815301076,1909f56bfc062723c751e8b465ee728b)  -> (artifact id: '46371bac0fdc811d35d1b9544cad55ae') in 0.005095 seconds
  Import took 0.009742 seconds .

========================================================================
Received Import Request.
  Time since last request: 20.552460 seconds.
  path: Assets/Wolv Interactive/Pixel Perfect Retro Camera/Scenes/Example/MoveCamera.cs
  artifactKey: Guid(2fc1e0c241bc10147ae9c92ca18a38f4) Importer(815301076,1909f56bfc062723c751e8b465ee728b)
Start importing Assets/Wolv Interactive/Pixel Perfect Retro Camera/Scenes/Example/MoveCamera.cs using Guid(2fc1e0c241bc10147ae9c92ca18a38f4) Importer(815301076,1909f56bfc062723c751e8b465ee728b)  -> (artifact id: 'c4f4965ab4aeb02cdb62f3279fe25bc6') in 0.010472 seconds
  Import took 0.132405 seconds .

========================================================================
Received Import Request.
  Time since last request: 52.216162 seconds.
  path: Assets
  artifactKey: Guid(00000000000000001000000000000000) Importer(815301076,1909f56bfc062723c751e8b465ee728b)
Start importing Assets using Guid(00000000000000001000000000000000) Importer(815301076,1909f56bfc062723c751e8b465ee728b)  -> (artifact id: 'f47cf443bddc682ac2de11ea429897ce') in 0.008693 seconds
  Import took 0.646737 seconds .

========================================================================
Received Prepare
Registering precompiled user dll's ...
Registered in 0.002313 seconds.
Begin MonoManager ReloadAssembly
Native extension for WindowsStandalone target not found
Refreshing native plugins compatible for Editor in 0.47 ms, found 1 plugins.
Preloading 0 native plugins for Editor in 0.00 ms.
Invoked RoslynAnalysisRunner static constructor.
RoslynAnalysisRunner will not be running.
RoslynAnalysisRunner has terminated.
Mono: successfully reloaded assembly
- Completed reload, in  1.227 seconds
Platform modules already initialized, skipping
Refreshing native plugins compatible for Editor in 0.36 ms, found 1 plugins.
Preloading 0 native plugins for Editor in 0.00 ms.
Unloading 1795 Unused Serialized files (Serialized files now loaded: 0)
System memory in use before: 87.6 MB.
System memory in use after: 87.6 MB.

Unloading 12 unused Assets to reduce memory usage. Loaded Objects now: 2254.
Total: 2.301600 ms (FindLiveObjects: 0.259500 ms CreateObjectMapping: 0.096200 ms MarkObjects: 1.779600 ms  DeleteObjects: 0.165200 ms)

========================================================================
Received Import Request.
  Time since last request: 12.021045 seconds.
  path: Assets/Scrpits
  artifactKey: Guid(915cff550c5a8324cb7df92b2e29ff1f) Importer(815301076,1909f56bfc062723c751e8b465ee728b)
Start importing Assets/Scrpits using Guid(915cff550c5a8324cb7df92b2e29ff1f) Importer(815301076,1909f56bfc062723c751e8b465ee728b)  -> (artifact id: '98e118bd6843855c05811d76326b6a88') in 0.008667 seconds
  Import took 0.012479 seconds .

========================================================================
Received Import Request.
  Time since last request: 5.282227 seconds.
  path: Assets/Scripts
  artifactKey: Guid(915cff550c5a8324cb7df92b2e29ff1f) Importer(815301076,1909f56bfc062723c751e8b465ee728b)
Start importing Assets/Scripts using Guid(915cff550c5a8324cb7df92b2e29ff1f) Importer(815301076,1909f56bfc062723c751e8b465ee728b)  -> (artifact id: '8d3336d00379bc745672082f9365e620') in 0.013092 seconds
  Import took 0.054686 seconds .

========================================================================
Received Import Request.
  Time since last request: 132.477354 seconds.
  path: Assets/Scripts/SmoothFollow.cs
  artifactKey: Guid(362fc7beceb122745b92d4bb7dfafeac) Importer(815301076,1909f56bfc062723c751e8b465ee728b)
Start importing Assets/Scripts/SmoothFollow.cs using Guid(362fc7beceb122745b92d4bb7dfafeac) Importer(815301076,1909f56bfc062723c751e8b465ee728b)  -> (artifact id: 'd7ecf37cf7e0fa76207a913a105bc075') in 0.026278 seconds
  Import took 0.030673 seconds .

========================================================================
Received Prepare
Registering precompiled user dll's ...
Registered in 0.002357 seconds.
Begin MonoManager ReloadAssembly
Native extension for WindowsStandalone target not found
Refreshing native plugins compatible for Editor in 0.37 ms, found 1 plugins.
Preloading 0 native plugins for Editor in 0.00 ms.
Invoked RoslynAnalysisRunner static constructor.
RoslynAnalysisRunner will not be running.
RoslynAnalysisRunner has terminated.
Mono: successfully reloaded assembly
- Completed reload, in  1.179 seconds
Platform modules already initialized, skipping
Refreshing native plugins compatible for Editor in 0.39 ms, found 1 plugins.
Preloading 0 native plugins for Editor in 0.00 ms.
Unloading 1797 Unused Serialized files (Serialized files now loaded: 0)
System memory in use before: 87.6 MB.
System memory in use after: 87.6 MB.

Unloading 12 unused Assets to reduce memory usage. Loaded Objects now: 2259.
Total: 2.547200 ms (FindLiveObjects: 0.317600 ms CreateObjectMapping: 0.079400 ms MarkObjects: 2.034400 ms  DeleteObjects: 0.114500 ms)

========================================================================
Received Import Request.
  Time since last request: 56.035403 seconds.
  path: Assets/Scripts/MovimientoGeneral.cs
  artifactKey: Guid(0c5a7ff9c04aac04288e6d8afe25c595) Importer(815301076,1909f56bfc062723c751e8b465ee728b)
Start importing Assets/Scripts/MovimientoGeneral.cs using Guid(0c5a7ff9c04aac04288e6d8afe25c595) Importer(815301076,1909f56bfc062723c751e8b465ee728b)  -> (artifact id: 'ae91909d25205870c9d5e2b791f8a087') in 0.008910 seconds
  Import took 0.012884 seconds .

========================================================================
Received Import Request.
  Time since last request: 755.905916 seconds.
  path: Assets/Scripts/MovimientoGeneral.cs
  artifactKey: Guid(0c5a7ff9c04aac04288e6d8afe25c595) Importer(815301076,1909f56bfc062723c751e8b465ee728b)
Start importing Assets/Scripts/MovimientoGeneral.cs using Guid(0c5a7ff9c04aac04288e6d8afe25c595) Importer(815301076,1909f56bfc062723c751e8b465ee728b)  -> (artifact id: 'f72a4c6cb6c047a1f78ffb94969f7c1e') in 0.008741 seconds
  Import took 0.040214 seconds .

========================================================================
Received Import Request.
  Time since last request: 121.149794 seconds.
  path: Assets/Scripts/GameManager.cs
  artifactKey: Guid(bdc2a687e9813c1429bc5dfce942c5e5) Importer(815301076,1909f56bfc062723c751e8b465ee728b)
Start importing Assets/Scripts/GameManager.cs using Guid(bdc2a687e9813c1429bc5dfce942c5e5) Importer(815301076,1909f56bfc062723c751e8b465ee728b)  -> (artifact id: '16708ceca81cca1dbfe55d4540eb8b04') in 0.020245 seconds
  Import took 0.036425 seconds .

========================================================================
Received Import Request.
  Time since last request: 25.381708 seconds.
  path: Assets/Scripts/GameManager.cs
  artifactKey: Guid(bdc2a687e9813c1429bc5dfce942c5e5) Importer(815301076,1909f56bfc062723c751e8b465ee728b)
Start importing Assets/Scripts/GameManager.cs using Guid(bdc2a687e9813c1429bc5dfce942c5e5) Importer(815301076,1909f56bfc062723c751e8b465ee728b)  -> (artifact id: 'c1a78ef7047546b375817d00f24f1baa') in 0.023555 seconds
  Import took 0.028645 seconds .

========================================================================
Received Prepare
Registering precompiled user dll's ...
Registered in 0.030624 seconds.
Begin MonoManager ReloadAssembly
Native extension for WindowsStandalone target not found
Refreshing native plugins compatible for Editor in 0.46 ms, found 1 plugins.
Preloading 0 native plugins for Editor in 0.00 ms.
Invoked RoslynAnalysisRunner static constructor.
RoslynAnalysisRunner will not be running.
RoslynAnalysisRunner has terminated.
Mono: successfully reloaded assembly
- Completed reload, in  1.651 seconds
Platform modules already initialized, skipping
Refreshing native plugins compatible for Editor in 0.42 ms, found 1 plugins.
Preloading 0 native plugins for Editor in 0.00 ms.
Unloading 1798 Unused Serialized files (Serialized files now loaded: 0)
System memory in use before: 87.7 MB.
System memory in use after: 87.7 MB.

Unloading 12 unused Assets to reduce memory usage. Loaded Objects now: 2263.
Total: 2.699000 ms (FindLiveObjects: 0.257600 ms CreateObjectMapping: 0.100200 ms MarkObjects: 2.202100 ms  DeleteObjects: 0.137400 ms)

========================================================================
Received Import Request.
  Time since last request: 361.558377 seconds.
  path: Assets/Scenes
  artifactKey: Guid(ab2ff30c9f8a64b44ad911a4ba7238a7) Importer(815301076,1909f56bfc062723c751e8b465ee728b)
Start importing Assets/Scenes using Guid(ab2ff30c9f8a64b44ad911a4ba7238a7) Importer(815301076,1909f56bfc062723c751e8b465ee728b)  -> (artifact id: '678cfeff17a27252b9e4050b1e969e40') in 0.014273 seconds
  Import took 0.036218 seconds .

========================================================================
Received Import Request.
  Time since last request: 4.234685 seconds.
  path: Assets/Sprites
  artifactKey: Guid(b563e8de070354f62a51e7c7870cba62) Importer(815301076,1909f56bfc062723c751e8b465ee728b)
Start importing Assets/Sprites using Guid(b563e8de070354f62a51e7c7870cba62) Importer(815301076,1909f56bfc062723c751e8b465ee728b)  -> (artifact id: '02adfd814a17495cee6f350d30b5c59e') in 0.010762 seconds
  Import took 0.065572 seconds .

========================================================================
Received Import Request.
  Time since last request: 0.000377 seconds.
  path: Assets/Sprites/Tiles_piedra.png
  artifactKey: Guid(30b6095dd24e046439b8bef4c8da5af1) Importer(815301076,1909f56bfc062723c751e8b465ee728b)
Start importing Assets/Sprites/Tiles_piedra.png using Guid(30b6095dd24e046439b8bef4c8da5af1) Importer(815301076,1909f56bfc062723c751e8b465ee728b)  -> (artifact id: 'd83a6c62406a5207211380126694d1a7') in 0.265542 seconds
  Import took 0.285707 seconds .

========================================================================
Received Import Request.
  Time since last request: 0.000347 seconds.
  path: Assets/Sprites/Tiles_cesped.png
  artifactKey: Guid(344911f09e29d4d2ead55d7068bf9581) Importer(815301076,1909f56bfc062723c751e8b465ee728b)
Start importing Assets/Sprites/Tiles_cesped.png using Guid(344911f09e29d4d2ead55d7068bf9581) Importer(815301076,1909f56bfc062723c751e8b465ee728b)  -> (artifact id: 'baccd575791259d88a2960800853b9b3') in 0.039520 seconds
  Import took 0.072994 seconds .

========================================================================
Received Import Request.
  Time since last request: 0.000342 seconds.
  path: Assets/Sprites/Lava.png
  artifactKey: Guid(7edf31feaea3649cf8d1f6e91bdb5d02) Importer(815301076,1909f56bfc062723c751e8b465ee728b)
Start importing Assets/Sprites/Lava.png using Guid(7edf31feaea3649cf8d1f6e91bdb5d02) Importer(815301076,1909f56bfc062723c751e8b465ee728b)  -> (artifact id: '930187fa01fd0eec1e09f8ffabf09648') in 0.055803 seconds
  Import took 0.059908 seconds .

========================================================================
Received Import Request.
  Time since last request: 0.000372 seconds.
  path: Assets/Sprites/Tiles_plataformaCastillo.png
  artifactKey: Guid(59e3720e602aa49eb98bd782b2f678db) Importer(815301076,1909f56bfc062723c751e8b465ee728b)
Start importing Assets/Sprites/Tiles_plataformaCastillo.png using Guid(59e3720e602aa49eb98bd782b2f678db) Importer(815301076,1909f56bfc062723c751e8b465ee728b)  -> (artifact id: 'cecf0e2bcbc6d22381868ec86dca036b') in 0.064836 seconds
  Import took 0.088066 seconds .

========================================================================
Received Prepare
Registering precompiled user dll's ...
Registered in 0.002386 seconds.
Begin MonoManager ReloadAssembly
Native extension for WindowsStandalone target not found
Refreshing native plugins compatible for Editor in 0.38 ms, found 1 plugins.
Preloading 0 native plugins for Editor in 0.00 ms.
Invoked RoslynAnalysisRunner static constructor.
RoslynAnalysisRunner will not be running.
RoslynAnalysisRunner has terminated.
Mono: successfully reloaded assembly
- Completed reload, in  1.470 seconds
Platform modules already initialized, skipping
Refreshing native plugins compatible for Editor in 0.41 ms, found 1 plugins.
Preloading 0 native plugins for Editor in 0.00 ms.
Unloading 1798 Unused Serialized files (Serialized files now loaded: 0)
System memory in use before: 87.8 MB.
System memory in use after: 87.8 MB.

Unloading 12 unused Assets to reduce memory usage. Loaded Objects now: 2275.
Total: 2.551600 ms (FindLiveObjects: 0.213800 ms CreateObjectMapping: 0.078000 ms MarkObjects: 2.145300 ms  DeleteObjects: 0.113300 ms)

========================================================================
Received Prepare
Registering precompiled user dll's ...
Registered in 0.002045 seconds.
Begin MonoManager ReloadAssembly
Native extension for WindowsStandalone target not found
Refreshing native plugins compatible for Editor in 0.39 ms, found 1 plugins.
Preloading 0 native plugins for Editor in 0.00 ms.
Invoked RoslynAnalysisRunner static constructor.
RoslynAnalysisRunner will not be running.
RoslynAnalysisRunner has terminated.
Mono: successfully reloaded assembly
- Completed reload, in  1.236 seconds
Platform modules already initialized, skipping
Refreshing native plugins compatible for Editor in 0.42 ms, found 1 plugins.
Preloading 0 native plugins for Editor in 0.00 ms.
Unloading 1798 Unused Serialized files (Serialized files now loaded: 0)
System memory in use before: 87.8 MB.
System memory in use after: 87.8 MB.

Unloading 12 unused Assets to reduce memory usage. Loaded Objects now: 2278.
Total: 2.346900 ms (FindLiveObjects: 0.220100 ms CreateObjectMapping: 0.083000 ms MarkObjects: 1.922900 ms  DeleteObjects: 0.119300 ms)

========================================================================
Received Prepare
Registering precompiled user dll's ...
Registered in 0.002902 seconds.
Begin MonoManager ReloadAssembly
Native extension for WindowsStandalone target not found
Refreshing native plugins compatible for Editor in 0.37 ms, found 1 plugins.
Preloading 0 native plugins for Editor in 0.00 ms.
Invoked RoslynAnalysisRunner static constructor.
RoslynAnalysisRunner will not be running.
RoslynAnalysisRunner has terminated.
Mono: successfully reloaded assembly
- Completed reload, in  1.174 seconds
Platform modules already initialized, skipping
Refreshing native plugins compatible for Editor in 0.37 ms, found 1 plugins.
Preloading 0 native plugins for Editor in 0.00 ms.
Unloading 1798 Unused Serialized files (Serialized files now loaded: 0)
System memory in use before: 87.8 MB.
System memory in use after: 87.8 MB.

Unloading 12 unused Assets to reduce memory usage. Loaded Objects now: 2281.
Total: 2.590800 ms (FindLiveObjects: 0.240100 ms CreateObjectMapping: 0.084800 ms MarkObjects: 2.151600 ms  DeleteObjects: 0.113300 ms)

========================================================================
Received Prepare
Registering precompiled user dll's ...
Registered in 0.002594 seconds.
Begin MonoManager ReloadAssembly
Native extension for WindowsStandalone target not found
Refreshing native plugins compatible for Editor in 0.37 ms, found 1 plugins.
Preloading 0 native plugins for Editor in 0.00 ms.
Invoked RoslynAnalysisRunner static constructor.
RoslynAnalysisRunner will not be running.
RoslynAnalysisRunner has terminated.
Mono: successfully reloaded assembly
- Completed reload, in  1.292 seconds
Platform modules already initialized, skipping
Refreshing native plugins compatible for Editor in 0.44 ms, found 1 plugins.
Preloading 0 native plugins for Editor in 0.00 ms.
Unloading 1798 Unused Serialized files (Serialized files now loaded: 0)
System memory in use before: 87.8 MB.
System memory in use after: 87.8 MB.

Unloading 12 unused Assets to reduce memory usage. Loaded Objects now: 2284.
Total: 2.237300 ms (FindLiveObjects: 0.241900 ms CreateObjectMapping: 0.104000 ms MarkObjects: 1.772500 ms  DeleteObjects: 0.114500 ms)

========================================================================
Received Prepare
Registering precompiled user dll's ...
Registered in 0.002212 seconds.
Begin MonoManager ReloadAssembly
Native extension for WindowsStandalone target not found
Refreshing native plugins compatible for Editor in 0.37 ms, found 1 plugins.
Preloading 0 native plugins for Editor in 0.00 ms.
Invoked RoslynAnalysisRunner static constructor.
RoslynAnalysisRunner will not be running.
RoslynAnalysisRunner has terminated.
Mono: successfully reloaded assembly
- Completed reload, in  1.607 seconds
Platform modules already initialized, skipping
Refreshing native plugins compatible for Editor in 0.38 ms, found 1 plugins.
Preloading 0 native plugins for Editor in 0.00 ms.
Unloading 1798 Unused Serialized files (Serialized files now loaded: 0)
System memory in use before: 87.8 MB.
System memory in use after: 87.8 MB.

Unloading 12 unused Assets to reduce memory usage. Loaded Objects now: 2287.
Total: 2.400200 ms (FindLiveObjects: 0.210300 ms CreateObjectMapping: 0.064700 ms MarkObjects: 2.003100 ms  DeleteObjects: 0.119900 ms)

========================================================================
Received Prepare
Registering precompiled user dll's ...
Registered in 0.002471 seconds.
Begin MonoManager ReloadAssembly
Native extension for WindowsStandalone target not found
Refreshing native plugins compatible for Editor in 0.36 ms, found 1 plugins.
Preloading 0 native plugins for Editor in 0.00 ms.
Invoked RoslynAnalysisRunner static constructor.
RoslynAnalysisRunner will not be running.
RoslynAnalysisRunner has terminated.
Mono: successfully reloaded assembly
- Completed reload, in  1.508 seconds
Platform modules already initialized, skipping
Refreshing native plugins compatible for Editor in 0.37 ms, found 1 plugins.
Preloading 0 native plugins for Editor in 0.00 ms.
Unloading 1798 Unused Serialized files (Serialized files now loaded: 0)
System memory in use before: 87.8 MB.
System memory in use after: 87.8 MB.

Unloading 12 unused Assets to reduce memory usage. Loaded Objects now: 2290.
Total: 2.231100 ms (FindLiveObjects: 0.215900 ms CreateObjectMapping: 0.069100 ms MarkObjects: 1.831100 ms  DeleteObjects: 0.113800 ms)

========================================================================
Received Prepare
Registering precompiled user dll's ...
Registered in 0.002435 seconds.
Begin MonoManager ReloadAssembly
Native extension for WindowsStandalone target not found
Refreshing native plugins compatible for Editor in 0.37 ms, found 1 plugins.
Preloading 0 native plugins for Editor in 0.00 ms.
Invoked RoslynAnalysisRunner static constructor.
RoslynAnalysisRunner will not be running.
RoslynAnalysisRunner has terminated.
Mono: successfully reloaded assembly
- Completed reload, in  1.191 seconds
Platform modules already initialized, skipping
Refreshing native plugins compatible for Editor in 0.37 ms, found 1 plugins.
Preloading 0 native plugins for Editor in 0.00 ms.
Unloading 1798 Unused Serialized files (Serialized files now loaded: 0)
System memory in use before: 87.8 MB.
System memory in use after: 87.8 MB.

Unloading 12 unused Assets to reduce memory usage. Loaded Objects now: 2293.
Total: 2.301700 ms (FindLiveObjects: 0.304500 ms CreateObjectMapping: 0.120900 ms MarkObjects: 1.759300 ms  DeleteObjects: 0.115200 ms)

========================================================================
Received Prepare
Registering precompiled user dll's ...
Registered in 0.003410 seconds.
Begin MonoManager ReloadAssembly
Native extension for WindowsStandalone target not found
Refreshing native plugins compatible for Editor in 0.39 ms, found 1 plugins.
Preloading 0 native plugins for Editor in 0.00 ms.
Invoked RoslynAnalysisRunner static constructor.
RoslynAnalysisRunner will not be running.
RoslynAnalysisRunner has terminated.
Mono: successfully reloaded assembly
- Completed reload, in  1.388 seconds
Platform modules already initialized, skipping
Refreshing native plugins compatible for Editor in 0.39 ms, found 1 plugins.
Preloading 0 native plugins for Editor in 0.00 ms.
Unloading 1798 Unused Serialized files (Serialized files now loaded: 0)
System memory in use before: 87.8 MB.
System memory in use after: 87.8 MB.

Unloading 12 unused Assets to reduce memory usage. Loaded Objects now: 2296.
Total: 2.488100 ms (FindLiveObjects: 0.217700 ms CreateObjectMapping: 0.081800 ms MarkObjects: 2.066500 ms  DeleteObjects: 0.120600 ms)

========================================================================
Received Prepare
Registering precompiled user dll's ...
Registered in 0.003471 seconds.
Begin MonoManager ReloadAssembly
Native extension for WindowsStandalone target not found
Refreshing native plugins compatible for Editor in 0.43 ms, found 1 plugins.
Preloading 0 native plugins for Editor in 0.00 ms.
Invoked RoslynAnalysisRunner static constructor.
RoslynAnalysisRunner will not be running.
RoslynAnalysisRunner has terminated.
Mono: successfully reloaded assembly
- Completed reload, in  1.489 seconds
Platform modules already initialized, skipping
Refreshing native plugins compatible for Editor in 0.42 ms, found 1 plugins.
Preloading 0 native plugins for Editor in 0.00 ms.
Unloading 1798 Unused Serialized files (Serialized files now loaded: 0)
System memory in use before: 87.8 MB.
System memory in use after: 87.8 MB.

Unloading 12 unused Assets to reduce memory usage. Loaded Objects now: 2299.
Total: 3.058400 ms (FindLiveObjects: 0.244100 ms CreateObjectMapping: 0.091500 ms MarkObjects: 2.589900 ms  DeleteObjects: 0.131300 ms)

========================================================================
Received Prepare
Registering precompiled user dll's ...
Registered in 0.002741 seconds.
Begin MonoManager ReloadAssembly
Native extension for WindowsStandalone target not found
Refreshing native plugins compatible for Editor in 0.79 ms, found 1 plugins.
Preloading 0 native plugins for Editor in 0.00 ms.
Invoked RoslynAnalysisRunner static constructor.
RoslynAnalysisRunner will not be running.
RoslynAnalysisRunner has terminated.
Mono: successfully reloaded assembly
- Completed reload, in  2.341 seconds
Platform modules already initialized, skipping
Refreshing native plugins compatible for Editor in 0.49 ms, found 1 plugins.
Preloading 0 native plugins for Editor in 0.00 ms.
Unloading 1798 Unused Serialized files (Serialized files now loaded: 0)
System memory in use before: 87.9 MB.
System memory in use after: 87.8 MB.

Unloading 12 unused Assets to reduce memory usage. Loaded Objects now: 2302.
Total: 2.763800 ms (FindLiveObjects: 0.279300 ms CreateObjectMapping: 0.108100 ms MarkObjects: 2.208700 ms  DeleteObjects: 0.144200 ms)

========================================================================
Received Prepare
Registering precompiled user dll's ...
Registered in 0.002148 seconds.
Begin MonoManager ReloadAssembly
Native extension for WindowsStandalone target not found
Refreshing native plugins compatible for Editor in 0.40 ms, found 1 plugins.
Preloading 0 native plugins for Editor in 0.00 ms.
Invoked RoslynAnalysisRunner static constructor.
RoslynAnalysisRunner will not be running.
RoslynAnalysisRunner has terminated.
Mono: successfully reloaded assembly
- Completed reload, in  1.170 seconds
Platform modules already initialized, skipping
Refreshing native plugins compatible for Editor in 0.37 ms, found 1 plugins.
Preloading 0 native plugins for Editor in 0.00 ms.
Unloading 1798 Unused Serialized files (Serialized files now loaded: 0)
System memory in use before: 87.9 MB.
System memory in use after: 87.9 MB.

Unloading 12 unused Assets to reduce memory usage. Loaded Objects now: 2305.
Total: 2.305800 ms (FindLiveObjects: 0.224800 ms CreateObjectMapping: 0.070100 ms MarkObjects: 1.889200 ms  DeleteObjects: 0.120100 ms)

